<?xml version="1.0" encoding="UTF-8"?>
<testsuite xmlns:xsi="http://www.w3.org/2001/XMLSchema-instance" xsi:noNamespaceSchemaLocation="https://maven.apache.org/surefire/maven-surefire-plugin/xsd/surefire-test-report-3.0.xsd" version="3.0" name="runner.TestRunner" time="4.639" tests="1" errors="0" skipped="0" failures="0">
  <properties>
[...]
</properties>
  <testcase name="runScenario[&quot;Get Inventory Details&quot;, &quot;Get Inventory Details&quot;](1)" classname="runner.TestRunner" time="2.41">
    <system-out><![CDATA[
@Regression @getInventoryDetails
Scenario: Get Inventory Details                                      # src/test/resources/features/GetInventory.feature:6
  Given User wants to fetch the Inventory details using GET api call # stepDef.InventoryStepDef.user_wants_to_fetch_the_inventory_details_using_get_api_call()
Status Code: 200
  Then User validate the api response                                # stepDef.InventoryStepDef.user_validate_the_api_response()
Inventory Deatils: {"data":[{"id":"1","name":"Classic Muzzarella","image":"classic.png","price":"$8"},{"id":"2","name":"Crispy Bacon","image":"bacon.png","price":"$9"},{"id":"3","name":"Baked Rolls x 8","image":"roll.png","price":"$10"},{"id":"4","name":"Garlic Mix","image":"garlicmix.png","price":"$9"},{"id":"5","name":"Margarita","image":"margarita.png","price":"$9"},{"id":"6","name":"Veggie","image":"veggie.png","price":"$8"},{"id":"7","name":"Super Pepperoni","image":"extrapeperoni.png","price":"$10"},{"id":"8","name":"Evergreen Cream","image":"evergreen.png","price":"$9"},{"id":"9","name":"Muzzarella BBQ","image":"bbqcheese.png","price":"$9"}]}
Response contains at least 9 items
ID : 1 NAME :Classic Muzzarella IMAGE :classic.png PRICE :$8
ID : 2 NAME :Crispy Bacon IMAGE :bacon.png PRICE :$9
ID : 3 NAME :Baked Rolls x 8 IMAGE :roll.png PRICE :$10
ID : 4 NAME :Garlic Mix IMAGE :garlicmix.png PRICE :$9
ID : 5 NAME :Margarita IMAGE :margarita.png PRICE :$9
ID : 6 NAME :Veggie IMAGE :veggie.png PRICE :$8
ID : 7 NAME :Super Pepperoni IMAGE :extrapeperoni.png PRICE :$10
ID : 8 NAME :Evergreen Cream IMAGE :evergreen.png PRICE :$9
ID : 9 NAME :Muzzarella BBQ IMAGE :bbqcheese.png PRICE :$9
  And User validates the Inventory response data                     # stepDef.InventoryStepDef.user_validates_the_Inventory_response_data()
]]></system-out>
    <system-err><![CDATA[SLF4J(W): No SLF4J providers were found.
SLF4J(W): Defaulting to no-operation (NOP) logger implementation
SLF4J(W): See https://www.slf4j.org/codes.html#noProviders for further details.
]]></system-err>
  </testcase>
</testsuite>